<?xml version="1.0" encoding="UTF-8"?>
<!-- Generated by org.testng.reporters.JUnitReportReporter -->
<testsuite skipped="0" hostname="DESKTOP-CSJNVLL" name="com.actitime.Generic.actitimeTest1" tests="1" failures="0" timestamp="2022-09-20T20:36:34 IST" time="0.041" errors="0">
  <testcase name="test" time="0.041" classname="com.actitime.Generic.actitimeTest1"/>
  <system-out>
    <![CDATA[hi]]>
  </system-out>
</testsuite> <!-- com.actitime.Generic.actitimeTest1 -->
