<?xml version="1.0" encoding="UTF-8"?>
<!-- Generated by org.testng.reporters.JUnitReportReporter -->
<testsuite skipped="0" hostname="DESKTOP-CSJNVLL" name="com.actitime.Generic.BaseCase1" tests="1" failures="0" timestamp="2022-09-20T19:56:06 IST" time="0.047" errors="0">
  <testcase name="sa" time="0.047" classname="com.actitime.Generic.BaseCase1"/>
  <system-out>
    <![CDATA[hi]]>
  </system-out>
</testsuite> <!-- com.actitime.Generic.BaseCase1 -->
